<?xml version="1.0" encoding="UTF-8"?>
<!-- Generated by org.testng.reporters.JUnitReportReporter -->
<testsuite hostname="vshulkevich" name="com.example.tests.EmptyGroupCreationTests" tests="1" failures="0" timestamp="13 Oct 2015 14:05:17 GMT" time="0.813" errors="0">
  <testcase name="testEmptyGroupCreation" time="0.813" classname="com.example.tests.EmptyGroupCreationTests"/>
</testsuite> <!-- com.example.tests.EmptyGroupCreationTests -->
