<?xml version="1.0" encoding="UTF-8"?>
<!-- Generated by org.testng.reporters.JUnitReportReporter -->
<testsuite hostname="vshulkevich" name="com.example.tests.GroupCreationTests" tests="1" failures="0" timestamp="13 Oct 2015 10:08:48 GMT" time="2.102" errors="0">
  <testcase name="testNonEmptyGroupCreation" time="2.102" classname="com.example.tests.GroupCreationTests"/>
</testsuite> <!-- com.example.tests.GroupCreationTests -->
