<?xml version="1.0" encoding="UTF-8"?>
<!-- Generated by org.testng.reporters.JUnitReportReporter -->
<testsuite hostname="vlad-PC" name="com.example.tests.GroupCreationTests" tests="2" failures="0" timestamp="5 Nov 2015 15:25:34 GMT" time="3.452" errors="0">
  <testcase name="testGroupCreationWithValidData" time="2.239" classname="com.example.tests.GroupCreationTests"/>
  <testcase name="testGroupCreationWithValidData" time="1.213" classname="com.example.tests.GroupCreationTests"/>
</testsuite> <!-- com.example.tests.GroupCreationTests -->
