<?xml version="1.0" encoding="UTF-8"?>
<!-- Generated by org.testng.reporters.JUnitReportReporter -->
<testsuite hostname="vshulkevich" name="com.example.tests.NonEmptyUserCreation" tests="1" failures="0" timestamp="13 Oct 2015 14:05:17 GMT" time="2.770" errors="0">
  <testcase name="testNonEmptyUserCreation" time="2.770" classname="com.example.tests.NonEmptyUserCreation"/>
</testsuite> <!-- com.example.tests.NonEmptyUserCreation -->
