<?xml version="1.0" encoding="UTF-8"?>
<!-- Generated by org.testng.reporters.JUnitReportReporter -->
<testsuite hostname="vlad-PC" name="com.example.tests.ContactCreationTests" tests="5" failures="0" timestamp="4 Nov 2015 13:30:37 GMT" time="41.111" errors="0">
  <testcase name="testValidUserCreation" time="1.775" classname="com.example.tests.ContactCreationTests"/>
  <testcase name="testValidUserCreation" time="33.824" classname="com.example.tests.ContactCreationTests"/>
  <testcase name="testValidUserCreation" time="1.871" classname="com.example.tests.ContactCreationTests"/>
  <testcase name="testValidUserCreation" time="1.789" classname="com.example.tests.ContactCreationTests"/>
  <testcase name="testValidUserCreation" time="1.852" classname="com.example.tests.ContactCreationTests"/>
</testsuite> <!-- com.example.tests.ContactCreationTests -->
