<?xml version="1.0" encoding="UTF-8"?>
<!-- Generated by org.testng.reporters.JUnitReportReporter -->
<testsuite hostname="vshulkevich" name="com.example.tests.EmptyUserCreation" tests="1" failures="0" timestamp="13 Oct 2015 14:05:17 GMT" time="1.783" errors="0">
  <testcase name="testUntitled" time="1.783" classname="com.example.tests.EmptyUserCreation"/>
</testsuite> <!-- com.example.tests.EmptyUserCreation -->
