<?xml version="1.0" encoding="UTF-8"?>
<!-- Generated by org.testng.reporters.JUnitReportReporter -->
<testsuite hostname="vshulkevich" name="com.example.tests.ContactCreationTests" tests="4" failures="0" timestamp="9 Nov 2015 07:44:14 GMT" time="9.854" errors="0">
  <testcase name="testValidUserCreation" time="1.800" classname="com.example.tests.ContactCreationTests"/>
  <testcase name="testValidUserCreation" time="4.023" classname="com.example.tests.ContactCreationTests"/>
  <testcase name="testValidUserCreation" time="1.715" classname="com.example.tests.ContactCreationTests"/>
  <testcase name="testValidUserCreation" time="2.316" classname="com.example.tests.ContactCreationTests"/>
</testsuite> <!-- com.example.tests.ContactCreationTests -->
