<?xml version="1.0" encoding="UTF-8"?>
<!-- Generated by org.testng.reporters.JUnitReportReporter -->
<testsuite hostname="vshulkevich" name="com.example.tests.ContactModificationTests" tests="1" failures="0" timestamp="9 Nov 2015 07:45:45 GMT" time="2.575" errors="0">
  <testcase name="modifySomeContact" time="2.575" classname="com.example.tests.ContactModificationTests"/>
</testsuite> <!-- com.example.tests.ContactModificationTests -->
