<?xml version="1.0" encoding="UTF-8"?>
<!-- Generated by org.testng.reporters.JUnitReportReporter -->
<testsuite hostname="vshulkevich" name="com.example.tests.ContactRemovalTests" tests="1" failures="0" timestamp="9 Nov 2015 07:46:44 GMT" time="2.024" errors="0">
  <testcase name="deleteSomeContact" time="2.024" classname="com.example.tests.ContactRemovalTests"/>
</testsuite> <!-- com.example.tests.ContactRemovalTests -->
