<?xml version="1.0" encoding="UTF-8"?>
<!-- Generated by org.testng.reporters.JUnitReportReporter -->
<testsuite hostname="vshulkevich" name="com.example.tests.ContactModificationTests" tests="1" failures="0" timestamp="6 Nov 2015 14:11:37 GMT" time="3.046" errors="0">
  <testcase name="modifySomeContact" time="3.046" classname="com.example.tests.ContactModificationTests"/>
</testsuite> <!-- com.example.tests.ContactModificationTests -->
