<?xml version="1.0" encoding="UTF-8"?>
<!-- Generated by org.testng.reporters.JUnitReportReporter -->
<testsuite hostname="vshulkevich" name="com.example.tests.ContactRemovalTests" tests="1" failures="0" timestamp="6 Nov 2015 14:12:42 GMT" time="1.971" errors="0">
  <testcase name="deleteSomeContact" time="1.971" classname="com.example.tests.ContactRemovalTests"/>
</testsuite> <!-- com.example.tests.ContactRemovalTests -->
