<?xml version="1.0" encoding="UTF-8"?>
<!-- Generated by org.testng.reporters.JUnitReportReporter -->
<testsuite hostname="vshulkevich" name="com.example.tests.GroupRemovalTests" tests="1" failures="0" timestamp="9 Nov 2015 07:43:17 GMT" time="5.488" errors="0">
  <testcase name="deleteSomeGroup" time="5.488" classname="com.example.tests.GroupRemovalTests"/>
</testsuite> <!-- com.example.tests.GroupRemovalTests -->
