<?xml version="1.0" encoding="UTF-8"?>
<!-- Generated by org.testng.reporters.JUnitReportReporter -->
<testsuite hostname="vshulkevich" name="com.example.tests.GroupCreationTests" tests="2" failures="0" timestamp="9 Nov 2015 07:39:49 GMT" time="9.680" errors="0">
  <testcase name="testGroupCreationWithValidData" time="1.151" classname="com.example.tests.GroupCreationTests"/>
  <testcase name="testGroupCreationWithValidData" time="8.529" classname="com.example.tests.GroupCreationTests"/>
</testsuite> <!-- com.example.tests.GroupCreationTests -->
