<?xml version="1.0" encoding="UTF-8"?>
<!-- Generated by org.testng.reporters.JUnitReportReporter -->
<testsuite hostname="vshulkevich" name="com.example.tests.GroupCreationTests" tests="2" failures="0" timestamp="6 Nov 2015 13:14:22 GMT" time="11.186" errors="0">
  <testcase name="testGroupCreationWithValidData" time="8.014" classname="com.example.tests.GroupCreationTests"/>
  <testcase name="testGroupCreationWithValidData" time="3.172" classname="com.example.tests.GroupCreationTests"/>
</testsuite> <!-- com.example.tests.GroupCreationTests -->
