<?xml version="1.0" encoding="UTF-8"?>
<!-- Generated by org.testng.reporters.JUnitReportReporter -->
<testsuite hostname="vshulkevich" name="com.example.tests.ContactCreationTests" tests="4" failures="0" timestamp="6 Nov 2015 14:02:17 GMT" time="10.797" errors="0">
  <testcase name="testValidUserCreation" time="3.489" classname="com.example.tests.ContactCreationTests"/>
  <testcase name="testValidUserCreation" time="2.399" classname="com.example.tests.ContactCreationTests"/>
  <testcase name="testValidUserCreation" time="2.295" classname="com.example.tests.ContactCreationTests"/>
  <testcase name="testValidUserCreation" time="2.614" classname="com.example.tests.ContactCreationTests"/>
</testsuite> <!-- com.example.tests.ContactCreationTests -->
