<?xml version="1.0" encoding="UTF-8"?>
<!-- Generated by org.testng.reporters.JUnitReportReporter -->
<testsuite hostname="vshulkevich" name="com.example.tests.GroupModificationTests" tests="1" failures="0" timestamp="9 Nov 2015 07:41:58 GMT" time="4.807" errors="0">
  <testcase name="modifySomeGroup" time="4.807" classname="com.example.tests.GroupModificationTests"/>
</testsuite> <!-- com.example.tests.GroupModificationTests -->
