<?xml version="1.0" encoding="UTF-8"?>
<!-- Generated by org.testng.reporters.JUnitReportReporter -->
<testsuite hostname="vshulkevich" name="com.example.tests.GroupModificationTests" tests="1" failures="0" timestamp="6 Nov 2015 13:40:05 GMT" time="4.170" errors="0">
  <testcase name="modifySomeGroup" time="4.170" classname="com.example.tests.GroupModificationTests"/>
</testsuite> <!-- com.example.tests.GroupModificationTests -->
